[debug] [2021-08-30T11:24:11.910Z] ----------------------------------------------------------------------
[debug] [2021-08-30T11:24:11.911Z] Command:       /usr/local/bin/node /usr/local/bin/firebase init
[debug] [2021-08-30T11:24:11.912Z] CLI Version:   9.16.6
[debug] [2021-08-30T11:24:11.912Z] Platform:      darwin
[debug] [2021-08-30T11:24:11.912Z] Node Version:  v14.16.0
[debug] [2021-08-30T11:24:11.913Z] Time:          Mon Aug 30 2021 20:24:11 GMT+0900 (대한민국 표준시)
[debug] [2021-08-30T11:24:11.914Z] ----------------------------------------------------------------------
[debug] 
[debug] [2021-08-30T11:24:11.922Z] > command requires scopes: ["email","openid","https://www.googleapis.com/auth/cloudplatformprojects.readonly","https://www.googleapis.com/auth/firebase","https://www.googleapis.com/auth/cloud-platform"]
[debug] [2021-08-30T11:24:11.922Z] > authorizing via signed-in user (monsterfairy2@gmail.com)
[info] 
     ######## #### ########  ######## ########     ###     ######  ########
     ##        ##  ##     ## ##       ##     ##  ##   ##  ##       ##
     ######    ##  ########  ######   ########  #########  ######  ######
     ##        ##  ##    ##  ##       ##     ## ##     ##       ## ##
     ##       #### ##     ## ######## ########  ##     ##  ######  ########

You're about to initialize a Firebase project in this directory:

  /Users/a31/git/ui-test/react-router-practice

[info] 
=== Project Setup
[info] 
[info] First, let's associate this project directory with a Firebase project.
[info] You can create multiple project aliases by running firebase use --add, 
[info] but for now we'll just set up a default project.
[info] 
[debug] [2021-08-30T11:25:12.199Z] >>> [apiv2][query] GET https://firebase.googleapis.com/v1beta1/projects pageSize=100
[debug] [2021-08-30T11:25:13.125Z] <<< [apiv2][status] GET https://firebase.googleapis.com/v1beta1/projects 200
[debug] [2021-08-30T11:25:13.126Z] <<< [apiv2][body] GET https://firebase.googleapis.com/v1beta1/projects [omitted]
[info] i  Using project react-http-test-7e183 (react-http-test) 
[info] 
=== Hosting Setup
[info] 
[info] Your public directory is the folder (relative to your project directory) that
[info] will contain Hosting assets to be uploaded with firebase deploy. If you
[info] have a build process for your assets, use your build's output directory.
[info] 
